# JRE version: OpenJDK Runtime Environment (21.0.5) (build 21.0.5+-12932927-b750.29)
# Java VM: OpenJDK 64-Bit Server VM (21.0.5+-12932927-b750.29, mixed mode, tiered, compressed oops, compressed class ptrs, g1 gc, windows-amd64)
GC Precious Log:
 CardTable entry size: 512
 Card Set container configuration: InlinePtr #cards 5 size 8 Array Of Cards #cards 12 size 40 Howl #buckets 4 coarsen threshold 1843 Howl Bitmap #cards 512 size 80 coarsen threshold 460 Card regions per heap region 1 cards per card region 2048
 CPUs: 4 total, 4 available
 Memory: 8085M
 Large Page Support: Disabled
 NUMA Support: Disabled
 Compressed Oops: Enabled (32-bit)
 Heap Region Size: 1M
 Heap Min Capacity: 8M
 Heap Initial Capacity: 128M
 Heap Max Capacity: 2G
 Pre-touch: Disabled
 Parallel Workers: 4
 Concurrent Workers: 1
 Concurrent Refinement Workers: 4
 Periodic GC: Disabled
Heap:
 garbage-first heap   total 336896K, used 204399K [0x0000000080000000, 0x0000000100000000)
  region size 1024K, 6 young (6144K), 1 survivors (1024K)
 Metaspace       used 134257K, committed 138944K, reserved 1179648K
  class space    used 17532K, committed 19264K, reserved 1048576K
GC Heap History (20 events):
Event: 48.692 GC heap before
{Heap before GC invocations=53 (full 0):
 garbage-first heap   total 290816K, used 266894K [0x0000000080000000, 0x0000000100000000)
  region size 1024K, 96 young (98304K), 8 survivors (8192K)
 Metaspace       used 114879K, committed 117184K, reserved 1179648K
  class space    used 15624K, committed 16768K, reserved 1048576K
}
Event: 48.703 GC heap after
{Heap after GC invocations=54 (full 0):
 garbage-first heap   total 290816K, used 180870K [0x0000000080000000, 0x0000000100000000)
  region size 1024K, 9 young (9216K), 9 survivors (9216K)
 Metaspace       used 114879K, committed 117184K, reserved 1179648K
  class space    used 15624K, committed 16768K, reserved 1048576K
}
Event: 49.449 GC heap before
{Heap before GC invocations=55 (full 0):
 garbage-first heap   total 302080K, used 264838K [0x0000000080000000, 0x0000000100000000)
  region size 1024K, 91 young (93184K), 9 survivors (9216K)
 Metaspace       used 114879K, committed 117184K, reserved 1179648K
  class space    used 15624K, committed 16768K, reserved 1048576K
}
Event: 49.459 GC heap after
{Heap after GC invocations=56 (full 0):
 garbage-first heap   total 302080K, used 183610K [0x0000000080000000, 0x0000000100000000)
  region size 1024K, 9 young (9216K), 9 survivors (9216K)
 Metaspace       used 114879K, committed 117184K, reserved 1179648K
  class space    used 15624K, committed 16768K, reserved 1048576K
}
Event: 50.487 GC heap before
{Heap before GC invocations=56 (full 0):
 garbage-first heap   total 302080K, used 276794K [0x0000000080000000, 0x0000000100000000)
  region size 1024K, 99 young (101376K), 9 survivors (9216K)
 Metaspace       used 118018K, committed 120320K, reserved 1179648K
  class space    used 15902K, committed 17088K, reserved 1048576K
}
Event: 50.497 GC heap after
{Heap after GC invocations=57 (full 0):
 garbage-first heap   total 302080K, used 185233K [0x0000000080000000, 0x0000000100000000)
  region size 1024K, 9 young (9216K), 9 survivors (9216K)
 Metaspace       used 118018K, committed 120320K, reserved 1179648K
  class space    used 15902K, committed 17088K, reserved 1048576K
}
Event: 51.806 GC heap before
{Heap before GC invocations=57 (full 0):
 garbage-first heap   total 302080K, used 275345K [0x0000000080000000, 0x0000000100000000)
  region size 1024K, 97 young (99328K), 9 survivors (9216K)
 Metaspace       used 126822K, committed 129088K, reserved 1179648K
  class space    used 17072K, committed 18240K, reserved 1048576K
}
Event: 51.816 GC heap after
{Heap after GC invocations=58 (full 0):
 garbage-first heap   total 302080K, used 189637K [0x0000000080000000, 0x0000000100000000)
  region size 1024K, 10 young (10240K), 10 survivors (10240K)
 Metaspace       used 126822K, committed 129088K, reserved 1179648K
  class space    used 17072K, committed 18240K, reserved 1048576K
}
Event: 52.622 GC heap before
{Heap before GC invocations=59 (full 0):
 garbage-first heap   total 326656K, used 277701K [0x0000000080000000, 0x0000000100000000)
  region size 1024K, 92 young (94208K), 10 survivors (10240K)
 Metaspace       used 129368K, committed 131648K, reserved 1179648K
  class space    used 17278K, committed 18432K, reserved 1048576K
}
Event: 52.634 GC heap after
{Heap after GC invocations=60 (full 0):
 garbage-first heap   total 326656K, used 193778K [0x0000000080000000, 0x0000000100000000)
  region size 1024K, 11 young (11264K), 11 survivors (11264K)
 Metaspace       used 129368K, committed 131648K, reserved 1179648K
  class space    used 17278K, committed 18432K, reserved 1048576K
}
Event: 55.378 GC heap before
{Heap before GC invocations=60 (full 0):
 garbage-first heap   total 326656K, used 296178K [0x0000000080000000, 0x0000000100000000)
  region size 1024K, 112 young (114688K), 11 survivors (11264K)
 Metaspace       used 135874K, committed 138304K, reserved 1179648K
  class space    used 18037K, committed 19264K, reserved 1048576K
}
Event: 55.396 GC heap after
{Heap after GC invocations=61 (full 0):
 garbage-first heap   total 326656K, used 199473K [0x0000000080000000, 0x0000000100000000)
  region size 1024K, 14 young (14336K), 14 survivors (14336K)
 Metaspace       used 135874K, committed 138304K, reserved 1179648K
  class space    used 18037K, committed 19264K, reserved 1048576K
}
Event: 3912.620 GC heap before
{Heap before GC invocations=61 (full 0):
 garbage-first heap   total 326656K, used 294705K [0x0000000080000000, 0x0000000100000000)
  region size 1024K, 107 young (109568K), 14 survivors (14336K)
 Metaspace       used 136536K, committed 138880K, reserved 1179648K
  class space    used 18094K, committed 19264K, reserved 1048576K
}
Event: 3917.456 GC heap after
{Heap after GC invocations=62 (full 0):
 garbage-first heap   total 326656K, used 201728K [0x0000000080000000, 0x0000000100000000)
  region size 1024K, 2 young (2048K), 2 survivors (2048K)
 Metaspace       used 136536K, committed 138880K, reserved 1179648K
  class space    used 18094K, committed 19264K, reserved 1048576K
}
Event: 4630.013 GC heap before
{Heap before GC invocations=63 (full 0):
 garbage-first heap   total 336896K, used 216064K [0x0000000080000000, 0x0000000100000000)
  region size 1024K, 16 young (16384K), 2 survivors (2048K)
 Metaspace       used 133167K, committed 138880K, reserved 1179648K
  class space    used 17313K, committed 19264K, reserved 1048576K
}
Event: 4630.019 GC heap after
{Heap after GC invocations=64 (full 0):
 garbage-first heap   total 336896K, used 200348K [0x0000000080000000, 0x0000000100000000)
  region size 1024K, 1 young (1024K), 1 survivors (1024K)
 Metaspace       used 133167K, committed 138880K, reserved 1179648K
  class space    used 17313K, committed 19264K, reserved 1048576K
}
Event: 5022.010 GC heap before
{Heap before GC invocations=64 (full 0):
 garbage-first heap   total 336896K, used 214684K [0x0000000080000000, 0x0000000100000000)
  region size 1024K, 16 young (16384K), 1 survivors (1024K)
 Metaspace       used 133518K, committed 138944K, reserved 1179648K
  class space    used 17389K, committed 19264K, reserved 1048576K
}
Event: 5022.023 GC heap after
{Heap after GC invocations=65 (full 0):
 garbage-first heap   total 336896K, used 199393K [0x0000000080000000, 0x0000000100000000)
  region size 1024K, 1 young (1024K), 1 survivors (1024K)
 Metaspace       used 133518K, committed 138944K, reserved 1179648K
  class space    used 17389K, committed 19264K, reserved 1048576K
}
Event: 5022.412 GC heap before
{Heap before GC invocations=65 (full 0):
 garbage-first heap   total 336896K, used 213729K [0x0000000080000000, 0x0000000100000000)
  region size 1024K, 16 young (16384K), 1 survivors (1024K)
 Metaspace       used 134100K, committed 138944K, reserved 1179648K
  class space    used 17498K, committed 19264K, reserved 1048576K
}
Event: 5022.463 GC heap after
{Heap after GC invocations=66 (full 0):
 garbage-first heap   total 336896K, used 200399K [0x0000000080000000, 0x0000000100000000)
  region size 1024K, 2 young (2048K), 2 survivors (2048K)
 Metaspace       used 134100K, committed 138944K, reserved 1179648K
  class space    used 17498K, committed 19264K, reserved 1048576K
}

